生成启动时间为 2015-10-29 19:49:30。
     1>项目“G:\programForPostgraduateExam\DataStructAndArithmetic\文件操作\文件操作.vcxproj”在节点 2 上(build 个目标)。
     1>InitializeBuildStatus:
         正在创建“Debug\文件操作.unsuccessfulbuild”，因为已指定“AlwaysCreate”。
       ClCompile:
         D:\Program Files\VC++\VC++安装目录\VC\bin\CL.exe /c /ZI /nologo /W3 /WX- /Od /Oy- /D WIN32 /D _DEBUG /D _CONSOLE /D _UNICODE /D UNICODE /Gm /EHsc /RTC1 /MDd /GS /fp:precise /Zc:wchar_t /Zc:forScope /Fo"Debug\\" /Fd"Debug\vc100.pdb" /Gd /TP /analyze- /errorReport:prompt Common.cpp Common_test.cpp LineStruct.cpp exchange_sort.cpp insert_sort.cpp main.cpp main_file.cpp main_sort.cpp readFile.cpp writeFile.cpp
         Common.cpp
     1>g:\programforpostgraduateexam\datastructandarithmetic\文件操作\common.cpp(39): warning C4996: 'flushall': The POSIX name for this item is deprecated. Instead, use the ISO C++ conformant name: _flushall. See online help for details.
                 d:\program files\vc++\vc++安装目录\vc\include\stdio.h(724) : 参见“flushall”的声明
     1>g:\programforpostgraduateexam\datastructandarithmetic\文件操作\common.cpp(97): warning C4244: “参数”: 从“time_t”转换到“unsigned int”，可能丢失数据
         正在生成代码...
         正在编译...
         writeFile.cpp
     1>g:\programforpostgraduateexam\datastructandarithmetic\文件操作\writefile.cpp(12): warning C4996: 'scanf': This function or variable may be unsafe. Consider using scanf_s instead. To disable deprecation, use _CRT_SECURE_NO_WARNINGS. See online help for details.
                 d:\program files\vc++\vc++安装目录\vc\include\stdio.h(304) : 参见“scanf”的声明
     1>g:\programforpostgraduateexam\datastructandarithmetic\文件操作\writefile.cpp(14): warning C4996: 'fopen': This function or variable may be unsafe. Consider using fopen_s instead. To disable deprecation, use _CRT_SECURE_NO_WARNINGS. See online help for details.
                 d:\program files\vc++\vc++安装目录\vc\include\stdio.h(234) : 参见“fopen”的声明
         readFile.cpp
     1>g:\programforpostgraduateexam\datastructandarithmetic\文件操作\readfile.cpp(13): warning C4996: 'scanf': This function or variable may be unsafe. Consider using scanf_s instead. To disable deprecation, use _CRT_SECURE_NO_WARNINGS. See online help for details.
                 d:\program files\vc++\vc++安装目录\vc\include\stdio.h(304) : 参见“scanf”的声明
     1>g:\programforpostgraduateexam\datastructandarithmetic\文件操作\readfile.cpp(15): warning C4996: 'fopen': This function or variable may be unsafe. Consider using fopen_s instead. To disable deprecation, use _CRT_SECURE_NO_WARNINGS. See online help for details.
                 d:\program files\vc++\vc++安装目录\vc\include\stdio.h(234) : 参见“fopen”的声明
         main_sort.cpp
     1>g:\programforpostgraduateexam\datastructandarithmetic\文件操作\main_sort.cpp(15): warning C4996: 'flushall': The POSIX name for this item is deprecated. Instead, use the ISO C++ conformant name: _flushall. See online help for details.
                 d:\program files\vc++\vc++安装目录\vc\include\stdio.h(724) : 参见“flushall”的声明
         main_file.cpp
     1>g:\programforpostgraduateexam\datastructandarithmetic\文件操作\main_file.cpp(11): warning C4996: 'flushall': The POSIX name for this item is deprecated. Instead, use the ISO C++ conformant name: _flushall. See online help for details.
                 d:\program files\vc++\vc++安装目录\vc\include\stdio.h(724) : 参见“flushall”的声明
         main.cpp
     1>g:\programforpostgraduateexam\datastructandarithmetic\文件操作\main.cpp(16): warning C4996: 'flushall': The POSIX name for this item is deprecated. Instead, use the ISO C++ conformant name: _flushall. See online help for details.
                 d:\program files\vc++\vc++安装目录\vc\include\stdio.h(724) : 参见“flushall”的声明
         insert_sort.cpp
         exchange_sort.cpp
         LineStruct.cpp
         Common_test.cpp
     1>g:\programforpostgraduateexam\datastructandarithmetic\文件操作\common_test.cpp(7): warning C4244: “参数”: 从“time_t”转换到“unsigned int”，可能丢失数据
     1>g:\programforpostgraduateexam\datastructandarithmetic\文件操作\common_test.cpp(20): warning C4996: 'flushall': The POSIX name for this item is deprecated. Instead, use the ISO C++ conformant name: _flushall. See online help for details.
                 d:\program files\vc++\vc++安装目录\vc\include\stdio.h(724) : 参见“flushall”的声明
         正在生成代码...
       ManifestResourceCompile:
         所有输出均为最新。
       Link:
         D:\Program Files\VC++\VC++安装目录\VC\bin\link.exe /ERRORREPORT:PROMPT /OUT:"G:\programForPostgraduateExam\DataStructAndArithmetic\Debug\文件操作.exe" /INCREMENTAL /NOLOGO kernel32.lib user32.lib gdi32.lib winspool.lib comdlg32.lib advapi32.lib shell32.lib ole32.lib oleaut32.lib uuid.lib odbc32.lib odbccp32.lib /MANIFEST /ManifestFile:"Debug\文件操作.exe.intermediate.manifest" /MANIFESTUAC:"level='asInvoker' uiAccess='false'" /DEBUG /PDB:"G:\programForPostgraduateExam\DataStructAndArithmetic\Debug\文件操作.pdb" /SUBSYSTEM:CONSOLE /TLBID:1 /DYNAMICBASE /NXCOMPAT /IMPLIB:"G:\programForPostgraduateExam\DataStructAndArithmetic\Debug\文件操作.lib" /MACHINE:X86 "Debug\文件操作.exe.embed.manifest.res"
         Debug\Common.obj
         Debug\Common_test.obj
         Debug\copyFile.obj
         Debug\DataStructTest.obj
         Debug\exchange_sort.obj
         Debug\insert_sort.obj
         Debug\LineStruct.obj
         Debug\main.obj
         Debug\main_data.obj
         Debug\main_file.obj
         Debug\main_sort.obj
         Debug\readFile.obj
         Debug\writeFile.obj
       Manifest:
         C:\Program Files (x86)\Microsoft SDKs\Windows\v7.0A\bin\mt.exe /nologo /verbose /out:"Debug\文件操作.exe.embed.manifest" /manifest "Debug\文件操作.exe.intermediate.manifest"
         所有输出均为最新。
       LinkEmbedManifest:
         所有输出均为最新。
         文件操作.vcxproj -> G:\programForPostgraduateExam\DataStructAndArithmetic\Debug\文件操作.exe
       FinalizeBuildStatus:
         正在删除文件“Debug\文件操作.unsuccessfulbuild”。
         正在对“Debug\文件操作.lastbuildstate”执行 Touch 任务。
     1>已完成生成项目“G:\programForPostgraduateExam\DataStructAndArithmetic\文件操作\文件操作.vcxproj”(build 个目标)的操作。

生成成功。

已用时间 00:00:05.78
